<?xml version="1.0" encoding="UTF-8"?>
<coverage generated="1631610844">
  <project timestamp="1631610844">
    <file name="C:\Users\infom\OneDrive\Documents\OpenClassrooms\_P8\projet\TodoList\src\Controller\DefaultController.php">
      <class name="App\Controller\DefaultController" namespace="global">
        <metrics complexity="1" methods="1" coveredmethods="1" conditionals="0" coveredconditionals="0" statements="1" coveredstatements="1" elements="2" coveredelements="2"/>
      </class>
      <line num="13" type="method" name="indexAction" visibility="public" complexity="1" crap="1" count="9"/>
      <line num="15" type="stmt" count="9"/>
      <metrics loc="17" ncloc="14" classes="1" methods="1" coveredmethods="1" conditionals="0" coveredconditionals="0" statements="1" coveredstatements="1" elements="2" coveredelements="2"/>
    </file>
    <file name="C:\Users\infom\OneDrive\Documents\OpenClassrooms\_P8\projet\TodoList\src\Controller\SecurityController.php">
      <class name="App\Controller\SecurityController" namespace="global">
        <metrics complexity="3" methods="1" coveredmethods="1" conditionals="0" coveredconditionals="0" statements="5" coveredstatements="5" elements="6" coveredelements="6"/>
      </class>
      <line num="15" type="method" name="loginAction" visibility="public" complexity="1" crap="1" count="6"/>
      <line num="17" type="stmt" count="6"/>
      <line num="18" type="stmt" count="6"/>
      <line num="20" type="stmt" count="6"/>
      <line num="21" type="stmt" count="6"/>
      <line num="22" type="stmt" count="6"/>
      <metrics loc="43" ncloc="32" classes="1" methods="1" coveredmethods="1" conditionals="0" coveredconditionals="0" statements="5" coveredstatements="5" elements="6" coveredelements="6"/>
    </file>
    <file name="C:\Users\infom\OneDrive\Documents\OpenClassrooms\_P8\projet\TodoList\src\Controller\TaskController.php">
      <class name="App\Controller\TaskController" namespace="global">
        <metrics complexity="10" methods="5" coveredmethods="5" conditionals="0" coveredconditionals="0" statements="30" coveredstatements="30" elements="35" coveredelements="35"/>
      </class>
      <line num="17" type="method" name="listAction" visibility="public" complexity="1" crap="1" count="17"/>
      <line num="19" type="stmt" count="17"/>
      <line num="25" type="method" name="createAction" visibility="public" complexity="3" crap="3" count="3"/>
      <line num="27" type="stmt" count="3"/>
      <line num="28" type="stmt" count="3"/>
      <line num="30" type="stmt" count="3"/>
      <line num="32" type="stmt" count="3"/>
      <line num="33" type="stmt" count="3"/>
      <line num="35" type="stmt" count="3"/>
      <line num="36" type="stmt" count="3"/>
      <line num="38" type="stmt" count="3"/>
      <line num="40" type="stmt" count="3"/>
      <line num="43" type="stmt" count="3"/>
      <line num="50" type="method" name="editAction" visibility="public" complexity="3" crap="3" count="3"/>
      <line num="52" type="stmt" count="3"/>
      <line num="54" type="stmt" count="3"/>
      <line num="56" type="stmt" count="3"/>
      <line num="57" type="stmt" count="3"/>
      <line num="59" type="stmt" count="3"/>
      <line num="61" type="stmt" count="3"/>
      <line num="64" type="stmt" count="3"/>
      <line num="65" type="stmt" count="3"/>
      <line num="66" type="stmt" count="3"/>
      <line num="74" type="method" name="toggleTaskAction" visibility="public" complexity="2" crap="2" count="4"/>
      <line num="76" type="stmt" count="4"/>
      <line num="77" type="stmt" count="4"/>
      <line num="79" type="stmt" count="4"/>
      <line num="80" type="stmt" count="4"/>
      <line num="82" type="stmt" count="4"/>
      <line num="89" type="method" name="deleteTaskAction" visibility="public" complexity="1" crap="1" count="4"/>
      <line num="91" type="stmt" count="4"/>
      <line num="92" type="stmt" count="4"/>
      <line num="93" type="stmt" count="4"/>
      <line num="95" type="stmt" count="4"/>
      <line num="97" type="stmt" count="4"/>
      <metrics loc="99" ncloc="81" classes="1" methods="5" coveredmethods="5" conditionals="0" coveredconditionals="0" statements="30" coveredstatements="30" elements="35" coveredelements="35"/>
    </file>
    <file name="C:\Users\infom\OneDrive\Documents\OpenClassrooms\_P8\projet\TodoList\src\Controller\UserController.php">
      <class name="App\Controller\UserController" namespace="global">
        <metrics complexity="13" methods="3" coveredmethods="3" conditionals="0" coveredconditionals="0" statements="30" coveredstatements="30" elements="33" coveredelements="33"/>
      </class>
      <line num="19" type="method" name="listAction" visibility="public" complexity="1" crap="1" count="3"/>
      <line num="21" type="stmt" count="3"/>
      <line num="27" type="method" name="createAction" visibility="public" complexity="6" crap="6" count="4"/>
      <line num="29" type="stmt" count="4"/>
      <line num="30" type="stmt" count="4"/>
      <line num="32" type="stmt" count="4"/>
      <line num="34" type="stmt" count="4"/>
      <line num="35" type="stmt" count="2"/>
      <line num="36" type="stmt" count="2"/>
      <line num="37" type="stmt" count="2"/>
      <line num="40" type="stmt" count="2"/>
      <line num="41" type="stmt" count="1"/>
      <line num="44" type="stmt" count="2"/>
      <line num="45" type="stmt" count="2"/>
      <line num="47" type="stmt" count="2"/>
      <line num="49" type="stmt" count="2"/>
      <line num="50" type="stmt" count="1"/>
      <line num="52" type="stmt" count="1"/>
      <line num="55" type="stmt" count="4"/>
      <line num="62" type="method" name="editAction" visibility="public" complexity="6" crap="6" count="6"/>
      <line num="64" type="stmt" count="6"/>
      <line num="66" type="stmt" count="6"/>
      <line num="68" type="stmt" count="6"/>
      <line num="69" type="stmt" count="4"/>
      <line num="70" type="stmt" count="4"/>
      <line num="73" type="stmt" count="4"/>
      <line num="74" type="stmt" count="1"/>
      <line num="77" type="stmt" count="4"/>
      <line num="79" type="stmt" count="4"/>
      <line num="81" type="stmt" count="4"/>
      <line num="82" type="stmt" count="1"/>
      <line num="84" type="stmt" count="3"/>
      <line num="87" type="stmt" count="6"/>
      <metrics loc="89" ncloc="78" classes="1" methods="3" coveredmethods="3" conditionals="0" coveredconditionals="0" statements="30" coveredstatements="30" elements="33" coveredelements="33"/>
    </file>
    <file name="C:\Users\infom\OneDrive\Documents\OpenClassrooms\_P8\projet\TodoList\src\DataFixtures\TaskFixtures.php">
      <class name="App\DataFixtures\TaskFixtures" namespace="global">
        <metrics complexity="5" methods="0" coveredmethods="0" conditionals="0" coveredconditionals="0" statements="0" coveredstatements="0" elements="0" coveredelements="0"/>
      </class>
      <metrics loc="52" ncloc="49" classes="0" methods="0" coveredmethods="0" conditionals="0" coveredconditionals="0" statements="0" coveredstatements="0" elements="0" coveredelements="0"/>
    </file>
    <file name="C:\Users\infom\OneDrive\Documents\OpenClassrooms\_P8\projet\TodoList\src\DataFixtures\UserFixtures.php">
      <class name="App\DataFixtures\UserFixtures" namespace="global">
        <metrics complexity="4" methods="0" coveredmethods="0" conditionals="0" coveredconditionals="0" statements="0" coveredstatements="0" elements="0" coveredelements="0"/>
      </class>
      <metrics loc="54" ncloc="51" classes="0" methods="0" coveredmethods="0" conditionals="0" coveredconditionals="0" statements="0" coveredstatements="0" elements="0" coveredelements="0"/>
    </file>
    <file name="C:\Users\infom\OneDrive\Documents\OpenClassrooms\_P8\projet\TodoList\src\Entity\Task.php">
      <class name="App\Entity\Task" namespace="global">
        <metrics complexity="12" methods="12" coveredmethods="11" conditionals="0" coveredconditionals="0" statements="19" coveredstatements="18" elements="31" coveredelements="29"/>
      </class>
      <line num="48" type="method" name="__construct" visibility="public" complexity="1" crap="1" count="48"/>
      <line num="50" type="stmt" count="48"/>
      <line num="51" type="stmt" count="48"/>
      <line num="52" type="stmt" count="48"/>
      <line num="54" type="method" name="getId" visibility="public" complexity="1" crap="1" count="20"/>
      <line num="56" type="stmt" count="20"/>
      <line num="59" type="method" name="getCreatedAt" visibility="public" complexity="1" crap="2" count="0"/>
      <line num="61" type="stmt" count="0"/>
      <line num="64" type="method" name="setCreatedAt" visibility="public" complexity="1" crap="1" count="46"/>
      <line num="66" type="stmt" count="46"/>
      <line num="68" type="stmt" count="46"/>
      <line num="71" type="method" name="getTitle" visibility="public" complexity="1" crap="1" count="17"/>
      <line num="73" type="stmt" count="17"/>
      <line num="76" type="method" name="setTitle" visibility="public" complexity="1" crap="1" count="46"/>
      <line num="78" type="stmt" count="46"/>
      <line num="80" type="stmt" count="46"/>
      <line num="83" type="method" name="getContent" visibility="public" complexity="1" crap="1" count="17"/>
      <line num="85" type="stmt" count="17"/>
      <line num="88" type="method" name="setContent" visibility="public" complexity="1" crap="1" count="46"/>
      <line num="90" type="stmt" count="46"/>
      <line num="92" type="stmt" count="46"/>
      <line num="95" type="method" name="isDone" visibility="public" complexity="1" crap="1" count="18"/>
      <line num="97" type="stmt" count="18"/>
      <line num="100" type="method" name="toggle" visibility="public" complexity="1" crap="1" count="46"/>
      <line num="102" type="stmt" count="46"/>
      <line num="104" type="stmt" count="46"/>
      <line num="107" type="method" name="getAuthor" visibility="public" complexity="1" crap="1" count="22"/>
      <line num="109" type="stmt" count="22"/>
      <line num="112" type="method" name="setAuthor" visibility="public" complexity="1" crap="1" count="44"/>
      <line num="114" type="stmt" count="44"/>
      <line num="116" type="stmt" count="44"/>
      <metrics loc="118" ncloc="92" classes="1" methods="12" coveredmethods="11" conditionals="0" coveredconditionals="0" statements="19" coveredstatements="18" elements="31" coveredelements="29"/>
    </file>
    <file name="C:\Users\infom\OneDrive\Documents\OpenClassrooms\_P8\projet\TodoList\src\Entity\User.php">
      <class name="App\Entity\User" namespace="global">
        <metrics complexity="18" methods="15" coveredmethods="15" conditionals="0" coveredconditionals="0" statements="28" coveredstatements="28" elements="43" coveredelements="43"/>
      </class>
      <line num="54" type="method" name="__construct" visibility="public" complexity="1" crap="1" count="53"/>
      <line num="56" type="stmt" count="53"/>
      <line num="57" type="stmt" count="53"/>
      <line num="59" type="method" name="getId" visibility="public" complexity="1" crap="1" count="37"/>
      <line num="61" type="stmt" count="37"/>
      <line num="64" type="method" name="getUsername" visibility="public" complexity="1" crap="1" count="43"/>
      <line num="66" type="stmt" count="43"/>
      <line num="69" type="method" name="setUsername" visibility="public" complexity="1" crap="1" count="52"/>
      <line num="71" type="stmt" count="52"/>
      <line num="73" type="stmt" count="52"/>
      <line num="76" type="method" name="getSalt" visibility="public" complexity="1" crap="1" count="42"/>
      <line num="78" type="stmt" count="42"/>
      <line num="81" type="method" name="getPassword" visibility="public" complexity="1" crap="1" count="43"/>
      <line num="83" type="stmt" count="43"/>
      <line num="86" type="method" name="setPassword" visibility="public" complexity="1" crap="1" count="52"/>
      <line num="88" type="stmt" count="52"/>
      <line num="90" type="stmt" count="52"/>
      <line num="93" type="method" name="getEmail" visibility="public" complexity="1" crap="1" count="11"/>
      <line num="95" type="stmt" count="11"/>
      <line num="98" type="method" name="setEmail" visibility="public" complexity="1" crap="1" count="52"/>
      <line num="100" type="stmt" count="52"/>
      <line num="102" type="stmt" count="52"/>
      <line num="105" type="method" name="getRoles" visibility="public" complexity="1" crap="1" count="42"/>
      <line num="107" type="stmt" count="42"/>
      <line num="109" type="stmt" count="42"/>
      <line num="111" type="stmt" count="42"/>
      <line num="114" type="method" name="setRoles" visibility="public" complexity="1" crap="1" count="41"/>
      <line num="116" type="stmt" count="41"/>
      <line num="118" type="stmt" count="41"/>
      <line num="121" type="method" name="eraseCredentials" visibility="public" complexity="1" crap="1" count="3"/>
      <line num="123" type="stmt" count="3"/>
      <line num="128" type="method" name="getTasks" visibility="public" complexity="1" crap="1" count="5"/>
      <line num="130" type="stmt" count="5"/>
      <line num="133" type="method" name="addTask" visibility="public" complexity="2" crap="2" count="2"/>
      <line num="135" type="stmt" count="2"/>
      <line num="136" type="stmt" count="2"/>
      <line num="137" type="stmt" count="2"/>
      <line num="140" type="stmt" count="2"/>
      <line num="143" type="method" name="removeTask" visibility="public" complexity="3" crap="3" count="1"/>
      <line num="145" type="stmt" count="1"/>
      <line num="147" type="stmt" count="1"/>
      <line num="148" type="stmt" count="1"/>
      <line num="152" type="stmt" count="1"/>
      <metrics loc="154" ncloc="121" classes="1" methods="15" coveredmethods="15" conditionals="0" coveredconditionals="0" statements="28" coveredstatements="28" elements="43" coveredelements="43"/>
    </file>
    <file name="C:\Users\infom\OneDrive\Documents\OpenClassrooms\_P8\projet\TodoList\src\Form\TaskType.php">
      <class name="App\Form\TaskType" namespace="global">
        <metrics complexity="2" methods="2" coveredmethods="2" conditionals="0" coveredconditionals="0" statements="6" coveredstatements="6" elements="8" coveredelements="8"/>
      </class>
      <line num="14" type="method" name="buildForm" visibility="public" complexity="1" crap="1" count="6"/>
      <line num="17" type="stmt" count="6"/>
      <line num="18" type="stmt" count="6"/>
      <line num="19" type="stmt" count="6"/>
      <line num="21" type="method" name="configureOptions" visibility="public" complexity="1" crap="1" count="6"/>
      <line num="23" type="stmt" count="6"/>
      <line num="24" type="stmt" count="6"/>
      <line num="26" type="stmt" count="6"/>
      <metrics loc="27" ncloc="27" classes="1" methods="2" coveredmethods="2" conditionals="0" coveredconditionals="0" statements="6" coveredstatements="6" elements="8" coveredelements="8"/>
    </file>
    <file name="C:\Users\infom\OneDrive\Documents\OpenClassrooms\_P8\projet\TodoList\src\Form\UserType.php">
      <class name="App\Form\UserType" namespace="global">
        <metrics complexity="3" methods="2" coveredmethods="2" conditionals="0" coveredconditionals="0" statements="11" coveredstatements="11" elements="13" coveredelements="13"/>
      </class>
      <line num="17" type="method" name="buildForm" visibility="public" complexity="2" crap="2" count="10"/>
      <line num="20" type="stmt" count="10"/>
      <line num="21" type="stmt" count="10"/>
      <line num="22" type="stmt" count="10"/>
      <line num="28" type="stmt" count="10"/>
      <line num="29" type="stmt" count="10"/>
      <line num="30" type="stmt" count="10"/>
      <line num="33" type="stmt" count="10"/>
      <line num="36" type="stmt" count="10"/>
      <line num="38" type="method" name="configureOptions" visibility="public" complexity="1" crap="1" count="10"/>
      <line num="40" type="stmt" count="10"/>
      <line num="41" type="stmt" count="10"/>
      <line num="44" type="stmt" count="10"/>
      <metrics loc="45" ncloc="45" classes="1" methods="2" coveredmethods="2" conditionals="0" coveredconditionals="0" statements="11" coveredstatements="11" elements="13" coveredelements="13"/>
    </file>
    <file name="C:\Users\infom\OneDrive\Documents\OpenClassrooms\_P8\projet\TodoList\src\Kernel.php">
      <class name="App\Kernel" namespace="global">
        <metrics complexity="7" methods="2" coveredmethods="2" conditionals="0" coveredconditionals="0" statements="7" coveredstatements="7" elements="9" coveredelements="9"/>
      </class>
      <line num="14" type="stmt" count="1"/>
      <line num="18" type="method" name="registerBundles" visibility="public" complexity="3" crap="3" count="67"/>
      <line num="20" type="stmt" count="67"/>
      <line num="21" type="stmt" count="67"/>
      <line num="22" type="stmt" count="67"/>
      <line num="23" type="stmt" count="67"/>
      <line num="26" type="stmt" count="67"/>
      <line num="28" type="method" name="getProjectDir" visibility="public" complexity="1" crap="1" count="67"/>
      <line num="30" type="stmt" count="67"/>
      <metrics loc="60" ncloc="54" classes="1" methods="2" coveredmethods="2" conditionals="0" coveredconditionals="0" statements="8" coveredstatements="8" elements="10" coveredelements="10"/>
    </file>
    <file name="C:\Users\infom\OneDrive\Documents\OpenClassrooms\_P8\projet\TodoList\src\Security\Voter\TaskVoter.php">
      <class name="App\Security\Voter\TaskVoter" namespace="global">
        <metrics complexity="9" methods="2" coveredmethods="1" conditionals="0" coveredconditionals="0" statements="10" coveredstatements="8" elements="12" coveredelements="9"/>
      </class>
      <line num="13" type="method" name="supports" visibility="protected" complexity="2" crap="2" count="52"/>
      <line num="17" type="stmt" count="52"/>
      <line num="18" type="stmt" count="52"/>
      <line num="21" type="method" name="voteOnAttribute" visibility="protected" complexity="7" crap="7.77" count="20"/>
      <line num="24" type="stmt" count="20"/>
      <line num="26" type="stmt" count="20"/>
      <line num="27" type="stmt" count="0"/>
      <line num="30" type="stmt" count="20"/>
      <line num="31" type="stmt" count="17"/>
      <line num="35" type="stmt" count="20"/>
      <line num="36" type="stmt" count="20"/>
      <line num="39" type="stmt" count="0"/>
      <metrics loc="41" ncloc="36" classes="1" methods="2" coveredmethods="1" conditionals="0" coveredconditionals="0" statements="10" coveredstatements="8" elements="12" coveredelements="9"/>
    </file>
    <file name="C:\Users\infom\OneDrive\Documents\OpenClassrooms\_P8\projet\TodoList\src\Security\Voter\UserVoter.php">
      <class name="App\Security\Voter\UserVoter" namespace="global">
        <metrics complexity="6" methods="2" coveredmethods="1" conditionals="0" coveredconditionals="0" statements="10" coveredstatements="9" elements="12" coveredelements="10"/>
      </class>
      <line num="12" type="method" name="supports" visibility="protected" complexity="2" crap="2" count="52"/>
      <line num="16" type="stmt" count="52"/>
      <line num="17" type="stmt" count="52"/>
      <line num="20" type="method" name="voteOnAttribute" visibility="protected" complexity="4" crap="4.03" count="11"/>
      <line num="23" type="stmt" count="11"/>
      <line num="25" type="stmt" count="11"/>
      <line num="26" type="stmt" count="2"/>
      <line num="30" type="stmt" count="9"/>
      <line num="31" type="stmt" count="3"/>
      <line num="35" type="stmt" count="6"/>
      <line num="36" type="stmt" count="6"/>
      <line num="39" type="stmt" count="0"/>
      <metrics loc="41" ncloc="35" classes="1" methods="2" coveredmethods="1" conditionals="0" coveredconditionals="0" statements="10" coveredstatements="9" elements="12" coveredelements="10"/>
    </file>
    <metrics files="13" loc="840" ncloc="715" classes="11" methods="47" coveredmethods="44" conditionals="0" coveredconditionals="0" statements="158" coveredstatements="154" elements="205" coveredelements="198"/>
  </project>
</coverage>
